<?xml version="1.0" encoding="UTF-8"?>
<testng-results ignored="1" total="2" passed="1" failed="0" skipped="0">
  <reporter-output>
    <line>
      <![CDATA[m1 -on Test start executed]]>
    </line>
    <line>
      <![CDATA[m1 -on Test success executed]]>
    </line>
  </reporter-output>
  <suite started-at="2025-06-25T12:01:26 IST" name="Default suite" finished-at="2025-06-25T12:01:42 IST" duration-ms="16116">
    <groups>
    </groups>
    <test started-at="2025-06-25T12:01:26 IST" name="Default test" finished-at="2025-06-25T12:01:42 IST" duration-ms="16116">
      <class name="testCaseRepo.TC_001Test">
        <test-method is-config="true" signature="dbConnection()[pri:0, instance:testCaseRepo.TC_001Test@65d09a04]" started-at="2025-06-25T12:01:26 IST" name="dbConnection" finished-at="2025-06-25T12:01:26 IST" duration-ms="15" status="PASS">
          <reporter-output>
          </reporter-output>
        </test-method> <!-- dbConnection -->
        <test-method is-config="true" signature="launchBrowser(java.lang.String)[pri:0, instance:testCaseRepo.TC_001Test@65d09a04]" started-at="2025-06-25T12:01:26 IST" name="launchBrowser" finished-at="2025-06-25T12:01:29 IST" duration-ms="2923" status="PASS">
          <params>
            <param index="0">
              <value>
                <![CDATA[chrome]]>
              </value>
            </param>
          </params>
          <reporter-output>
          </reporter-output>
        </test-method> <!-- launchBrowser -->
        <test-method is-config="true" signature="loginOperation()[pri:0, instance:testCaseRepo.TC_001Test@65d09a04]" started-at="2025-06-25T12:01:29 IST" name="loginOperation" finished-at="2025-06-25T12:01:33 IST" duration-ms="4612" status="PASS">
          <reporter-output>
          </reporter-output>
        </test-method> <!-- loginOperation -->
        <test-method signature="m1()[pri:0, instance:testCaseRepo.TC_001Test@65d09a04]" started-at="2025-06-25T12:01:33 IST" name="m1" finished-at="2025-06-25T12:01:33 IST" duration-ms="45" status="PASS">
          <reporter-output>
            <line>
              <![CDATA[m1 -on Test start executed]]>
            </line>
            <line>
              <![CDATA[m1 -on Test success executed]]>
            </line>
          </reporter-output>
        </test-method> <!-- m1 -->
        <test-method is-config="true" signature="logoutOperation()[pri:0, instance:testCaseRepo.TC_001Test@65d09a04]" started-at="2025-06-25T12:01:33 IST" name="logoutOperation" finished-at="2025-06-25T12:01:42 IST" duration-ms="8050" status="PASS">
          <reporter-output>
          </reporter-output>
        </test-method> <!-- logoutOperation -->
        <test-method is-config="true" signature="closeBrowser()[pri:0, instance:testCaseRepo.TC_001Test@65d09a04]" started-at="2025-06-25T12:01:42 IST" name="closeBrowser" finished-at="2025-06-25T12:01:42 IST" duration-ms="408" status="PASS">
          <reporter-output>
          </reporter-output>
        </test-method> <!-- closeBrowser -->
        <test-method is-config="true" signature="closeDBConnection()[pri:0, instance:testCaseRepo.TC_001Test@65d09a04]" started-at="2025-06-25T12:01:42 IST" name="closeDBConnection" finished-at="2025-06-25T12:01:42 IST" duration-ms="0" status="PASS">
          <reporter-output>
          </reporter-output>
        </test-method> <!-- closeDBConnection -->
      </class> <!-- testCaseRepo.TC_001Test -->
    </test> <!-- Default test -->
  </suite> <!-- Default suite -->
</testng-results>
